[2m下午4:10:04[22m [31m[1m[vite][22m[39m [31mhttp proxy error: /api/items[39m
Error: connect ECONNREFUSED 127.0.0.1:8000
    at TCPConnectWrap.afterConnect [as oncomplete] (node:net:1706:16)
[2m下午4:10:04[22m [31m[1m[vite][22m[39m [31mhttp proxy error: /api/config[39m
Error: connect ECONNREFUSED 127.0.0.1:8000
    at TCPConnectWrap.afterConnect [as oncomplete] (node:net:1706:16)
[2m下午4:10:04[22m [31m[1m[vite][22m[39m [31mhttp proxy error: /api/items[39m
Error: connect ECONNREFUSED 127.0.0.1:8000
    at TCPConnectWrap.afterConnect [as oncomplete] (node:net:1706:16)
[2m下午4:10:04[22m [31m[1m[vite][22m[39m [31mhttp proxy error: /api/config[39m
Error: connect ECONNREFUSED 127.0.0.1:8000
    at TCPConnectWrap.afterConnect [as oncomplete] (node:net:1706:16)
[2m下午4:44:14[22m [31m[1m[vite][22m[39m [31mInternal server error: D:\source\py3dbp\frontend\src\components\ResultPanel.jsx: Identifier 'colorMap' has already been declared. (5:46)

[0m [90m 3 |[31m [36mimport[31m { useI18n } [36mfrom[31m [32m"../i18n"[31m[33m;[31m
 [90m 4 |[31m
[31m[1m>[22m[31m[90m 5 |[31m [36mexport[31m [36mdefault[31m [36mfunction[31m [33mResultPanel[31m({ result[33m,[31m colorMap }) {
 [90m   |[31m                                               [31m[1m^[22m[31m
 [90m 6 |[31m   [36mconst[31m { t } [33m=[31m useI18n()[33m;[31m
 [90m 7 |[31m   [36mconst[31m [active[33m,[31m setActive] [33m=[31m useState([35m0[31m)[33m;[31m
 [90m 8 |[31m   [36mif[31m ([33m![31mresult) {[0m[39m
  Plugin: [35mvite:react-babel[39m
  File: [36mD:/source/py3dbp/frontend/src/components/ResultPanel.jsx[39m:5:46
[33m  3  |  import { useI18n } from "../i18n";
  4  |  
  5  |  export default function ResultPanel({ result, colorMap }) {
     |                                                ^
  6  |    const { t } = useI18n();
  7  |    const [active, setActive] = useState(0);[39m
      at constructor (D:\source\py3dbp\frontend\node_modules\@babel\parser\lib\index.js:365:19)
      at JSXParserMixin.raise (D:\source\py3dbp\frontend\node_modules\@babel\parser\lib\index.js:6616:19)
      at ScopeHandler.checkRedeclarationInScope (D:\source\py3dbp\frontend\node_modules\@babel\parser\lib\index.js:1619:19)
      at ScopeHandler.declareName (D:\source\py3dbp\frontend\node_modules\@babel\parser\lib\index.js:1602:14)
      at JSXParserMixin.declareNameFromIdentifier (D:\source\py3dbp\frontend\node_modules\@babel\parser\lib\index.js:7584:16)
      at JSXParserMixin.checkIdentifier (D:\source\py3dbp\frontend\node_modules\@babel\parser\lib\index.js:7580:12)
      at JSXParserMixin.checkLVal (D:\source\py3dbp\frontend\node_modules\@babel\parser\lib\index.js:7517:12)
      at JSXParserMixin.checkLVal (D:\source\py3dbp\frontend\node_modules\@babel\parser\lib\index.js:7561:12)
      at JSXParserMixin.checkLVal (D:\source\py3dbp\frontend\node_modules\@babel\parser\lib\index.js:7557:16)
      at JSXParserMixin.checkParams (D:\source\py3dbp\frontend\node_modules\@babel\parser\lib\index.js:12148:12)
      at JSXParserMixin.<anonymous> (D:\source\py3dbp\frontend\node_modules\@babel\parser\lib\index.js:12123:14)
      at JSXParserMixin.parseBlockOrModuleBlockBody (D:\source\py3dbp\frontend\node_modules\@babel\parser\lib\index.js:13349:48)
      at JSXParserMixin.parseBlockBody (D:\source\py3dbp\frontend\node_modules\@babel\parser\lib\index.js:13326:10)
      at JSXParserMixin.parseBlock (D:\source\py3dbp\frontend\node_modules\@babel\parser\lib\index.js:13314:10)
      at JSXParserMixin.parseFunctionBody (D:\source\py3dbp\frontend\node_modules\@babel\parser\lib\index.js:12117:24)
      at JSXParserMixin.parseFunctionBodyAndFinish (D:\source\py3dbp\frontend\node_modules\@babel\parser\lib\index.js:12103:10)
      at D:\source\py3dbp\frontend\node_modules\@babel\parser\lib\index.js:13462:12
      at JSXParserMixin.withSmartMixTopicForbiddingContext (D:\source\py3dbp\frontend\node_modules\@babel\parser\lib\index.js:12420:14)
      at JSXParserMixin.parseFunction (D:\source\py3dbp\frontend\node_modules\@babel\parser\lib\index.js:13461:10)
      at JSXParserMixin.parseExportDefaultExpression (D:\source\py3dbp\frontend\node_modules\@babel\parser\lib\index.js:13924:19)
      at JSXParserMixin.parseExport (D:\source\py3dbp\frontend\node_modules\@babel\parser\lib\index.js:13845:25)
      at JSXParserMixin.parseStatementContent (D:\source\py3dbp\frontend\node_modules\@babel\parser\lib\index.js:12895:27)
      at JSXParserMixin.parseStatementLike (D:\source\py3dbp\frontend\node_modules\@babel\parser\lib\index.js:12784:17)
      at JSXParserMixin.parseModuleItem (D:\source\py3dbp\frontend\node_modules\@babel\parser\lib\index.js:12761:17)
      at JSXParserMixin.parseBlockOrModuleBlockBody (D:\source\py3dbp\frontend\node_modules\@babel\parser\lib\index.js:13333:36)
      at JSXParserMixin.parseBlockBody (D:\source\py3dbp\frontend\node_modules\@babel\parser\lib\index.js:13326:10)
      at JSXParserMixin.parseProgram (D:\source\py3dbp\frontend\node_modules\@babel\parser\lib\index.js:12639:10)
      at JSXParserMixin.parseTopLevel (D:\source\py3dbp\frontend\node_modules\@babel\parser\lib\index.js:12629:25)
      at JSXParserMixin.parse (D:\source\py3dbp\frontend\node_modules\@babel\parser\lib\index.js:14505:25)
      at parse (D:\source\py3dbp\frontend\node_modules\@babel\parser\lib\index.js:14539:38)
      at parser (D:\source\py3dbp\frontend\node_modules\@babel\core\lib\parser\index.js:41:34)
      at parser.next (<anonymous>)
      at normalizeFile (D:\source\py3dbp\frontend\node_modules\@babel\core\lib\transformation\normalize-file.js:51:37)
      at normalizeFile.next (<anonymous>)
      at run (D:\source\py3dbp\frontend\node_modules\@babel\core\lib\transformation\index.js:22:50)
      at run.next (<anonymous>)
      at transform (D:\source\py3dbp\frontend\node_modules\@babel\core\lib\transform.js:22:33)
      at transform.next (<anonymous>)
      at step (D:\source\py3dbp\frontend\node_modules\gensync\index.js:261:32)
      at D:\source\py3dbp\frontend\node_modules\gensync\index.js:273:13
      at async.call.result.err.err (D:\source\py3dbp\frontend\node_modules\gensync\index.js:223:11)
      at D:\source\py3dbp\frontend\node_modules\gensync\index.js:189:28
      at D:\source\py3dbp\frontend\node_modules\@babel\core\lib\gensync-utils\async.js:67:7
      at D:\source\py3dbp\frontend\node_modules\gensync\index.js:113:33
      at step (D:\source\py3dbp\frontend\node_modules\gensync\index.js:287:14)
      at D:\source\py3dbp\frontend\node_modules\gensync\index.js:273:13
      at async.call.result.err.err (D:\source\py3dbp\frontend\node_modules\gensync\index.js:223:11)
[2m下午5:50:28[22m [31m[1m[vite][22m[39m [31mhttp proxy error: /api/items[39m
Error: connect ECONNREFUSED 127.0.0.1:8000
    at TCPConnectWrap.afterConnect [as oncomplete] (node:net:1706:16)
[2m下午5:50:28[22m [31m[1m[vite][22m[39m [31mhttp proxy error: /api/config[39m
Error: connect ECONNREFUSED 127.0.0.1:8000
    at TCPConnectWrap.afterConnect [as oncomplete] (node:net:1706:16)
[2m下午5:51:16[22m [31m[1m[vite][22m[39m [31mhttp proxy error: /api/items[39m
Error: connect ECONNREFUSED 127.0.0.1:8000
    at TCPConnectWrap.afterConnect [as oncomplete] (node:net:1706:16)
[2m下午5:51:16[22m [31m[1m[vite][22m[39m [31mhttp proxy error: /api/config[39m
Error: connect ECONNREFUSED 127.0.0.1:8000
    at TCPConnectWrap.afterConnect [as oncomplete] (node:net:1706:16)
[2m下午5:52:01[22m [31m[1m[vite][22m[39m [31mhttp proxy error: /api/items[39m
Error: connect ECONNREFUSED 127.0.0.1:8000
    at TCPConnectWrap.afterConnect [as oncomplete] (node:net:1706:16)
[2m下午5:52:01[22m [31m[1m[vite][22m[39m [31mhttp proxy error: /api/config[39m
Error: connect ECONNREFUSED 127.0.0.1:8000
    at TCPConnectWrap.afterConnect [as oncomplete] (node:net:1706:16)
[2m下午5:52:01[22m [31m[1m[vite][22m[39m [31mhttp proxy error: /api/items[39m
Error: connect ECONNREFUSED 127.0.0.1:8000
    at TCPConnectWrap.afterConnect [as oncomplete] (node:net:1706:16)
[2m下午5:52:01[22m [31m[1m[vite][22m[39m [31mhttp proxy error: /api/config[39m
Error: connect ECONNREFUSED 127.0.0.1:8000
    at TCPConnectWrap.afterConnect [as oncomplete] (node:net:1706:16)
[2m下午5:52:15[22m [31m[1m[vite][22m[39m [31mhttp proxy error: /api/items[39m
Error: connect ECONNREFUSED 127.0.0.1:8000
    at TCPConnectWrap.afterConnect [as oncomplete] (node:net:1706:16)
[2m下午5:52:15[22m [31m[1m[vite][22m[39m [31mhttp proxy error: /api/config[39m
Error: connect ECONNREFUSED 127.0.0.1:8000
    at TCPConnectWrap.afterConnect [as oncomplete] (node:net:1706:16)
[2m下午5:53:23[22m [31m[1m[vite][22m[39m [31mhttp proxy error: /api/items[39m
Error: connect ECONNREFUSED 127.0.0.1:8000
    at TCPConnectWrap.afterConnect [as oncomplete] (node:net:1706:16)
[2m下午5:53:23[22m [31m[1m[vite][22m[39m [31mhttp proxy error: /api/config[39m
Error: connect ECONNREFUSED 127.0.0.1:8000
    at TCPConnectWrap.afterConnect [as oncomplete] (node:net:1706:16)
[2m下午5:53:23[22m [31m[1m[vite][22m[39m [31mhttp proxy error: /api/items[39m
Error: connect ECONNREFUSED 127.0.0.1:8000
    at TCPConnectWrap.afterConnect [as oncomplete] (node:net:1706:16)
[2m下午5:53:23[22m [31m[1m[vite][22m[39m [31mhttp proxy error: /api/config[39m
Error: connect ECONNREFUSED 127.0.0.1:8000
    at TCPConnectWrap.afterConnect [as oncomplete] (node:net:1706:16)
[2m下午5:53:39[22m [31m[1m[vite][22m[39m [31mhttp proxy error: /api/items[39m
Error: connect ECONNREFUSED 127.0.0.1:8000
    at TCPConnectWrap.afterConnect [as oncomplete] (node:net:1706:16)
[2m下午5:53:39[22m [31m[1m[vite][22m[39m [31mhttp proxy error: /api/config[39m
Error: connect ECONNREFUSED 127.0.0.1:8000
    at TCPConnectWrap.afterConnect [as oncomplete] (node:net:1706:16)
[2m下午5:53:39[22m [31m[1m[vite][22m[39m [31mhttp proxy error: /api/items[39m
Error: connect ECONNREFUSED 127.0.0.1:8000
    at TCPConnectWrap.afterConnect [as oncomplete] (node:net:1706:16)
[2m下午5:53:39[22m [31m[1m[vite][22m[39m [31mhttp proxy error: /api/config[39m
Error: connect ECONNREFUSED 127.0.0.1:8000
    at TCPConnectWrap.afterConnect [as oncomplete] (node:net:1706:16)
